<?xml version="1.0" encoding="UTF-8"?>
<testng-results skipped="0" failed="0" ignored="0" total="1" passed="1">
  <reporter-output>
  </reporter-output>
  <suite name="Default suite" duration-ms="20458" started-at="2019-11-12T06:46:25Z" finished-at="2019-11-12T06:46:45Z">
    <groups>
    </groups>
    <test name="Default test" duration-ms="20458" started-at="2019-11-12T06:46:25Z" finished-at="2019-11-12T06:46:45Z">
      <class name="demo.GoogleDemo">
        <test-method status="PASS" signature="f()[pri:0, instance:demo.GoogleDemo@4678c730]" name="f" duration-ms="20415" started-at="2019-11-12T06:46:25Z" finished-at="2019-11-12T06:46:45Z">
          <reporter-output>
          </reporter-output>
        </test-method> <!-- f -->
      </class> <!-- demo.GoogleDemo -->
    </test> <!-- Default test -->
  </suite> <!-- Default suite -->
</testng-results>
